<?xml version="1.0" encoding="UTF-8"?>
<!-- Generated by org.testng.reporters.JUnitReportReporter -->
<testsuite hostname="Micky" failures="0" tests="21" name="Test_Cases.Test_OrgAdmin" time="20.073" errors="0" timestamp="2023-11-05T21:12:33 IST" skipped="0">
  <testcase classname="Test_Cases.Test_OrgAdmin" name="lgn" time="0.316"/>
  <system-out/>
  <testcase classname="Test_Cases.Test_OrgAdmin" name="cretenewdiscussion" time="3.112"/>
  <system-out/>
  <testcase classname="Test_Cases.Test_OrgAdmin" name="entertitle" time="0.886"/>
  <system-out/>
  <testcase classname="Test_Cases.Test_OrgAdmin" name="entershortd" time="0.868"/>
  <system-out/>
  <testcase classname="Test_Cases.Test_OrgAdmin" name="enterdescrption" time="7.320"/>
  <system-out/>
  <testcase classname="Test_Cases.Test_OrgAdmin" name="setdatetime" time="0.298"/>
  <system-out/>
  <testcase classname="Test_Cases.Test_OrgAdmin" name="set_pitch_time" time="0.187"/>
  <system-out/>
  <testcase classname="Test_Cases.Test_OrgAdmin" name="set_partcipant_per_tbl" time="0.116"/>
  <system-out/>
  <testcase classname="Test_Cases.Test_OrgAdmin" name="click_record_disc" time="0.096"/>
  <system-out/>
  <testcase classname="Test_Cases.Test_OrgAdmin" name="exit_survey_URL" time="1.865"/>
  <system-out/>
  <testcase classname="Test_Cases.Test_OrgAdmin" name="Enable_disable_syrvey" time="0.141"/>
  <system-out/>
  <testcase classname="Test_Cases.Test_OrgAdmin" name="Enable_disable_pitch_moderation" time="0.157"/>
  <system-out/>
  <testcase classname="Test_Cases.Test_OrgAdmin" name="Enable_disable_chat" time="0.077"/>
  <system-out/>
  <testcase classname="Test_Cases.Test_OrgAdmin" name="Enable_disable_pitch_audio" time="0.082"/>
  <system-out/>
  <testcase classname="Test_Cases.Test_OrgAdmin" name="Enable_disable_Anonymous" time="0.042"/>
  <system-out/>
  <testcase classname="Test_Cases.Test_OrgAdmin" name="Enable_disable_Guest" time="0.044"/>
  <system-out/>
  <testcase classname="Test_Cases.Test_OrgAdmin" name="Enable_disable_late_user" time="0.044"/>
  <system-out/>
  <testcase classname="Test_Cases.Test_OrgAdmin" name="Enable_disable_Disc_listing" time="0.043"/>
  <system-out/>
  <testcase classname="Test_Cases.Test_OrgAdmin" name="selecting_res_from_drpdwn" time="0.102"/>
  <system-out/>
  <testcase classname="Test_Cases.Test_OrgAdmin" name="adding_link_res" time="3.352"/>
  <system-out/>
  <testcase classname="Test_Cases.Test_OrgAdmin" name="published" time="0.925"/>
  <system-out/>
</testsuite> <!-- Test_Cases.Test_OrgAdmin -->
