<?xml version="1.0" encoding="UTF-8"?>
<!-- Generated by org.testng.reporters.JUnitReportReporter -->
<testsuite hostname="Micky" failures="0" tests="1" name="Test_Cases.Test_gu_15m_WO_audio" time="2.091" errors="0" timestamp="2023-11-24T14:20:29 IST" skipped="0">
  <testcase classname="Test_Cases.Test_gu_15m_WO_audio" name="get_started" time="2.091"/>
  <system-out/>
</testsuite> <!-- Test_Cases.Test_gu_15m_WO_audio -->
